This is XeTeX, Version 3.141592653-2.6-0.999994 (MiKTeX 22.10) (preloaded format=xelatex 2023.6.19)  17 NOV 2024 23:27
entering extended mode
 restricted \write18 enabled.
 %&-line parsing enabled.
**quit()
(C:\Users\arovi\AppData\Local\Programs\MiKTeX\tex/latex/tools\q.tex
LaTeX2e <2022-06-01> patch level 5
L3 programming layer <2022-09-28> File ignored
)
! Emergency stop.
<*> quit()
          
*** (job aborted, no legal \end found)

 
Here is how much of TeX's memory you used:
 17 strings out of 410532
 335 string characters out of 2813299
 333168 words of memory out of 3000000
 21283 multiletter control sequences out of 15000+600000
 469259 words of font info for 28 fonts, out of 8000000 for 9000
 1348 hyphenation exceptions out of 8191
 12i,0n,12p,86b,10s stack positions out of 10000i,1000n,20000p,200000b,80000s
No pages of output.
